[2025-11-05T11:30:02.588Z] 📥 REQUEST req_1762342202588_bubzxp:
[2025-11-05T11:30:02.589Z]    Headers: {"accept":"application/json, text/plain, */*","content-type":"application/json","user-agent":"axios/1.13.2","content-length":"1106","accept-encoding":"gzip, compress, deflate, br","host":"localhost:3000","connection":"keep-alive"}
[2025-11-05T11:30:02.589Z]    Method: POST
[2025-11-05T11:30:02.589Z]    URL: /api/data
[2025-11-05T11:30:02.589Z]    Body: {
  "users": [
    {
      "login": "user1",
      "status": "active",
      "email": "user1@test.local"
    },
    {
      "login": "user2",
      "status": "active",
      "email": "user2@corp.org"
    },
    {
      "login": "user3",
      "status": "active",
      "email": "user3@test.local"
    },
    {
      "login": "user4",
      "status": "active",
      "email": "user4@test.local"
    },
    {
      "login": "user5",
      "status": "inactive",
      "email": "user5@corp.org"
    },
    {
      "login": "user6",
      "status": "active",
      "email": "user6@company.com"
    },
    {
      "login": "user7",
      "status": "active",
      "email": "user7@corp.org"
    },
    {
      "login": "user8",
      "status": "active",
      "email": "user8@company.com"
    },
    {
      "login": "user9",
      "status": "active",
      "email": "user9@test.local"
    },
    {
      "login": "user10",
      "status": "active",
      "email": "user10@test.local"
    },
    {
      "login": "user11",
      "status": "inactive",
      "email": "user11@test.local"
    },
    {
      "login": "user12",
      "status": "inactive",
      "email": "user12@company.com"
    },
    {
      "login": "user13",
      "status": "active",
      "email": "user13@corp.org"
    },
    {
      "login": "user14",
      "status": "active",
      "email": "user14@corp.org"
    },
    {
      "login": "user15",
      "status": "active",
      "email": "user15@company.com"
    }
  ],
  "total_count": 15,
  "timestamp": "2025-11-05T11:30:02.571Z",
  "domain": "mock-domain.local",
  "server": "MOCK-DC-01",
  "source": "NodeJS-Mock-AD-Data"
}
[2025-11-05T11:30:02.589Z] 📤 RESPONSE req_1762342202588_bubzxp: Status 200, Body: {"success":true,"message":"Request processed successfully"}
[2025-11-05T11:30:28.252Z] 📥 REQUEST req_1762342228252_7w39qa:
[2025-11-05T11:30:28.252Z]    Headers: {"accept":"application/json, text/plain, */*","content-type":"application/json","user-agent":"axios/1.13.2","content-length":"1109","accept-encoding":"gzip, compress, deflate, br","host":"192.168.0.22:3000","connection":"keep-alive"}
[2025-11-05T11:30:28.252Z]    Method: POST
[2025-11-05T11:30:28.253Z]    URL: /api/data
[2025-11-05T11:30:28.253Z]    Body: {
  "users": [
    {
      "login": "user1",
      "status": "inactive",
      "email": "user1@test.local"
    },
    {
      "login": "user2",
      "status": "inactive",
      "email": "user2@test.local"
    },
    {
      "login": "user3",
      "status": "active",
      "email": "user3@test.local"
    },
    {
      "login": "user4",
      "status": "active",
      "email": "user4@company.com"
    },
    {
      "login": "user5",
      "status": "active",
      "email": "user5@company.com"
    },
    {
      "login": "user6",
      "status": "inactive",
      "email": "user6@corp.org"
    },
    {
      "login": "user7",
      "status": "active",
      "email": "user7@corp.org"
    },
    {
      "login": "user8",
      "status": "active",
      "email": "user8@corp.org"
    },
    {
      "login": "user9",
      "status": "inactive",
      "email": "user9@test.local"
    },
    {
      "login": "user10",
      "status": "active",
      "email": "user10@test.local"
    },
    {
      "login": "user11",
      "status": "active",
      "email": "user11@test.local"
    },
    {
      "login": "user12",
      "status": "active",
      "email": "user12@corp.org"
    },
    {
      "login": "user13",
      "status": "inactive",
      "email": "user13@corp.org"
    },
    {
      "login": "user14",
      "status": "inactive",
      "email": "user14@company.com"
    },
    {
      "login": "user15",
      "status": "active",
      "email": "user15@corp.org"
    }
  ],
  "total_count": 15,
  "timestamp": "2025-11-05T11:30:28.246Z",
  "domain": "mock-domain.local",
  "server": "MOCK-DC-01",
  "source": "NodeJS-Mock-AD-Data"
}
[2025-11-05T11:30:28.253Z] 📤 RESPONSE req_1762342228252_7w39qa: Status 200, Body: {"success":true,"message":"Request processed successfully"}
[2025-11-05T12:32:41.936Z] 📥 REQUEST req_1762345961936_a5f76c:
[2025-11-05T12:32:41.937Z]    Headers: {"accept":"application/json, text/plain, */*","content-type":"application/json","user-agent":"axios/1.13.2","content-length":"1117","accept-encoding":"gzip, compress, deflate, br","host":"192.168.0.22:3000","connection":"keep-alive"}
[2025-11-05T12:32:41.937Z]    Method: POST
[2025-11-05T12:32:41.937Z]    URL: /api/data
[2025-11-05T12:32:41.937Z]    Body: {
  "users": [
    {
      "login": "user1",
      "status": "active",
      "email": "user1@company.com"
    },
    {
      "login": "user2",
      "status": "inactive",
      "email": "user2@test.local"
    },
    {
      "login": "user3",
      "status": "inactive",
      "email": "user3@company.com"
    },
    {
      "login": "user4",
      "status": "active",
      "email": "user4@company.com"
    },
    {
      "login": "user5",
      "status": "active",
      "email": "user5@test.local"
    },
    {
      "login": "user6",
      "status": "active",
      "email": "user6@company.com"
    },
    {
      "login": "user7",
      "status": "inactive",
      "email": "user7@corp.org"
    },
    {
      "login": "user8",
      "status": "active",
      "email": "user8@test.local"
    },
    {
      "login": "user9",
      "status": "active",
      "email": "user9@test.local"
    },
    {
      "login": "user10",
      "status": "active",
      "email": "user10@test.local"
    },
    {
      "login": "user11",
      "status": "active",
      "email": "user11@company.com"
    },
    {
      "login": "user12",
      "status": "inactive",
      "email": "user12@corp.org"
    },
    {
      "login": "user13",
      "status": "active",
      "email": "user13@test.local"
    },
    {
      "login": "user14",
      "status": "active",
      "email": "user14@company.com"
    },
    {
      "login": "user15",
      "status": "active",
      "email": "user15@company.com"
    }
  ],
  "total_count": 15,
  "timestamp": "2025-11-05T12:32:41.931Z",
  "domain": "mock-domain.local",
  "server": "MOCK-DC-01",
  "source": "NodeJS-Mock-AD-Data"
}
[2025-11-05T12:32:41.937Z] 📤 RESPONSE req_1762345961936_a5f76c: Status 200, Body: {"success":true,"message":"Request processed successfully"}
[2025-11-05T12:33:11.290Z] 📥 REQUEST req_1762345991290_ufpnd5:
[2025-11-05T12:33:11.291Z]    Headers: {"accept":"application/json, text/plain, */*","content-type":"application/json","user-agent":"axios/1.13.2","content-length":"1157","accept-encoding":"gzip, compress, deflate, br","host":"192.168.0.22:3000","connection":"keep-alive"}
[2025-11-05T12:33:11.291Z]    Method: POST
[2025-11-05T12:33:11.291Z]    URL: /api/data
[2025-11-05T12:33:11.291Z]    Body: {
  "users": [
    {
      "login": "user1",
      "status": "active",
      "email": "user1@test.local"
    },
    {
      "login": "user2",
      "status": "active",
      "email": "user2@corp.vbaumtrok"
    },
    {
      "login": "user3",
      "status": "active",
      "email": "user3@corp.vbaumtrok"
    },
    {
      "login": "user4",
      "status": "active",
      "email": "user4@test.local"
    },
    {
      "login": "user5",
      "status": "inactive",
      "email": "user5@test.local"
    },
    {
      "login": "user6",
      "status": "inactive",
      "email": "user6@vbaumtrok.com"
    },
    {
      "login": "user7",
      "status": "active",
      "email": "user7@vbaumtrok.com"
    },
    {
      "login": "user8",
      "status": "active",
      "email": "user8@vbaumtrok.com"
    },
    {
      "login": "user9",
      "status": "inactive",
      "email": "user9@vbaumtrok.com"
    },
    {
      "login": "user10",
      "status": "active",
      "email": "user10@vbaumtrok.com"
    },
    {
      "login": "user11",
      "status": "active",
      "email": "user11@test.local"
    },
    {
      "login": "user12",
      "status": "inactive",
      "email": "user12@corp.vbaumtrok"
    },
    {
      "login": "user13",
      "status": "inactive",
      "email": "user13@corp.vbaumtrok"
    },
    {
      "login": "user14",
      "status": "active",
      "email": "user14@corp.vbaumtrok"
    },
    {
      "login": "user15",
      "status": "inactive",
      "email": "user15@corp.vbaumtrok"
    }
  ],
  "total_count": 15,
  "timestamp": "2025-11-05T12:33:11.285Z",
  "domain": "mock-domain.local",
  "server": "MOCK-DC-01",
  "source": "NodeJS-Mock-AD-Data"
}
[2025-11-05T12:33:11.291Z] 📤 RESPONSE req_1762345991290_ufpnd5: Status 200, Body: {"success":true,"message":"Request processed successfully"}
[2025-11-05T14:01:16.003Z] 📥 REQUEST req_1762351276003_4odmw2:
[2025-11-05T14:01:16.004Z]    Headers: {"accept":"application/json, text/plain, */*","content-type":"application/json","user-agent":"axios/1.13.2","content-length":"1128","accept-encoding":"gzip, compress, deflate, br","host":"192.168.0.22:3000","connection":"keep-alive"}
[2025-11-05T14:01:16.004Z]    Body: {
  "users": [
    {
      "login": "user1",
      "status": "active",
      "email": "user1@corp.vbaumtrok"
    },
    {
      "login": "user2",
      "status": "active",
      "email": "user2@test.local"
    },
    {
      "login": "user3",
      "status": "active",
      "email": "user3@test.local"
    },
    {
      "login": "user4",
      "status": "active",
      "email": "user4@test.local"
    },
    {
      "login": "user5",
      "status": "active",
      "email": "user5@test.local"
    },
    {
      "login": "user6",
      "status": "active",
      "email": "user6@test.local"
    },
    {
      "login": "user7",
      "status": "active",
      "email": "user7@test.local"
    },
    {
      "login": "user8",
      "status": "active",
      "email": "user8@test.local"
    },
    {
      "login": "user9",
      "status": "active",
      "email": "user9@corp.vbaumtrok"
    },
    {
      "login": "user10",
      "status": "active",
      "email": "user10@corp.vbaumtrok"
    },
    {
      "login": "user11",
      "status": "active",
      "email": "user11@vbaumtrok.com"
    },
    {
      "login": "user12",
      "status": "active",
      "email": "user12@test.local"
    },
    {
      "login": "user13",
      "status": "active",
      "email": "user13@test.local"
    },
    {
      "login": "user14",
      "status": "active",
      "email": "user14@corp.vbaumtrok"
    },
    {
      "login": "user15",
      "status": "active",
      "email": "user15@vbaumtrok.com"
    }
  ],
  "total_count": 15,
  "timestamp": "2025-11-05T14:01:15.991Z",
  "domain": "mock-domain.local",
  "server": "MOCK-DC-01",
  "source": "NodeJS-Mock-AD-Data"
}
[2025-11-05T14:01:16.004Z] 📤 Ответ req_1762351276003_4odmw2: Статус 200, Body: {"success":true,"message":"Request processed successfully"}
